c:\users\spencer\documents\github\cis17b-final-simplesdl\cis17b-final-mach2\debug\vc141.pdb
c:\users\spencer\documents\github\cis17b-final-simplesdl\cis17b-final-mach2\debug\vc141.idb
c:\users\spencer\documents\github\cis17b-final-simplesdl\cis17b-final-mach2\debug\timer.obj
c:\users\spencer\documents\github\cis17b-final-simplesdl\cis17b-final-mach2\debug\texture.obj
c:\users\spencer\documents\github\cis17b-final-simplesdl\cis17b-final-mach2\debug\startscreen.obj
c:\users\spencer\documents\github\cis17b-final-simplesdl\cis17b-final-mach2\debug\screenmanager.obj
c:\users\spencer\documents\github\cis17b-final-simplesdl\cis17b-final-mach2\debug\scoreboard.obj
c:\users\spencer\documents\github\cis17b-final-simplesdl\cis17b-final-mach2\debug\playscreen.obj
c:\users\spencer\documents\github\cis17b-final-simplesdl\cis17b-final-mach2\debug\player.obj
c:\users\spencer\documents\github\cis17b-final-simplesdl\cis17b-final-mach2\debug\map.obj
c:\users\spencer\documents\github\cis17b-final-simplesdl\cis17b-final-mach2\debug\main.obj
c:\users\spencer\documents\github\cis17b-final-simplesdl\cis17b-final-mach2\debug\level.obj
c:\users\spencer\documents\github\cis17b-final-simplesdl\cis17b-final-mach2\debug\inputmanager.obj
c:\users\spencer\documents\github\cis17b-final-simplesdl\cis17b-final-mach2\debug\hud.obj
c:\users\spencer\documents\github\cis17b-final-simplesdl\cis17b-final-mach2\debug\graphics.obj
c:\users\spencer\documents\github\cis17b-final-simplesdl\cis17b-final-mach2\debug\gamemanager.obj
c:\users\spencer\documents\github\cis17b-final-simplesdl\cis17b-final-mach2\debug\gameentity.obj
c:\users\spencer\documents\github\cis17b-final-simplesdl\cis17b-final-mach2\debug\bullet.obj
c:\users\spencer\documents\github\cis17b-final-simplesdl\cis17b-final-mach2\debug\audiomanager.obj
c:\users\spencer\documents\github\cis17b-final-simplesdl\cis17b-final-mach2\debug\assetmanager.obj
c:\users\spencer\documents\github\cis17b-final-simplesdl\cis17b-final-mach2\debug\animatedtexture.obj
c:\users\spencer\documents\github\cis17b-final-simplesdl\cis17b-final-mach2\debug\cis17b-final-mach2.exe
c:\users\spencer\documents\github\cis17b-final-simplesdl\cis17b-final-mach2\debug\cis17b-final-mach2.ilk
c:\users\spencer\documents\github\cis17b-final-simplesdl\cis17b-final-mach2\debug\cis17b-final-mach2.pdb
c:\users\spencer\documents\github\cis17b-final-simplesdl\cis17b-final-mach2\debug\cis17b-f.a048f26b.tlog\cl.command.1.tlog
c:\users\spencer\documents\github\cis17b-final-simplesdl\cis17b-final-mach2\debug\cis17b-f.a048f26b.tlog\cl.read.1.tlog
c:\users\spencer\documents\github\cis17b-final-simplesdl\cis17b-final-mach2\debug\cis17b-f.a048f26b.tlog\cl.write.1.tlog
c:\users\spencer\documents\github\cis17b-final-simplesdl\cis17b-final-mach2\debug\cis17b-f.a048f26b.tlog\link.command.1.tlog
c:\users\spencer\documents\github\cis17b-final-simplesdl\cis17b-final-mach2\debug\cis17b-f.a048f26b.tlog\link.read.1.tlog
c:\users\spencer\documents\github\cis17b-final-simplesdl\cis17b-final-mach2\debug\cis17b-f.a048f26b.tlog\link.write.1.tlog
